{"level":"info","message":"GET /usuarios"}
{"level":"info","message":"GET /api/usuarios"}
{"level":"info","message":"GET /usuarios"}
{"level":"info","message":"GET /usuarios"}
{"level":"info","message":"GET /usuarios"}
{"level":"info","message":"GET /api/usuarios"}
{"level":"info","message":"POST /api/cadastrarusuarios"}
{"level":"info","message":"GET /"}
{"level":"info","message":"PUT /api/alterarusuario/2"}
{"level":"info","message":"DELETE /deletarusuarios/2"}
{"level":"info","message":"DELETE /api/deletarusuarios/2"}
{"level":"info","message":"GET /api/usuarios"}
{"level":"info","message":"GET /api/usuarios"}
{"level":"info","message":"GET /"}
{"level":"info","message":"POST /api/cadastrarusuarios"}
{"level":"info","message":"GET /api/usuarios"}
{"level":"info","message":"DELETE /api/deletarusuarios/2"}
{"level":"info","message":"GET /"}
{"level":"info","message":"GET /api/usuarios"}
{"level":"info","message":"GET /api/usuarios"}
{"level":"info","message":"POST /api/cadastrarusuarios"}
{"level":"info","message":"GET /api/usuarios"}
{"level":"info","message":"PUT /api/alterarusuario/1"}
{"level":"info","message":"GET /api/usuarios"}
{"level":"info","message":"DELETE /api/deletarusuarios/1"}
{"level":"info","message":"GET /api/usuarios"}
{"level":"info","message":"GET /"}
{"level":"info","message":"GET /api/usuarios"}
{"level":"info","message":"GET /"}
{"level":"info","message":"GET /"}
{"level":"info","message":"POST /api/cadastrarusuarios"}
{"level":"info","message":"GET /api/usuarios"}
{"level":"info","message":"GET /api/usuarios"}
{"level":"info","message":"POST /api"}
{"level":"info","message":"GET /api/usuarios"}
{"level":"info","message":"DELETE /api/deletarusuarios/1"}
{"level":"info","message":"POST /api/cadastrarusuarios"}
{"level":"info","message":"POST /api/cadastrarusuarios"}
{"level":"info","message":"POST /api/cadastrarusuarios"}
{"level":"info","message":"GET /api/usuarios"}
{"level":"info","message":"GET /api/usuarios"}
{"level":"info","message":"GET /api/usuarios"}
{"level":"info","message":"POST /api/cadastrarusuarios"}
{"level":"info","message":"GET /api/usuarios"}
{"level":"info","message":"GET /api/usuarios"}
{"level":"info","message":"DELETE /api/deletarusuarios/1"}
{"level":"info","message":"GET /api/usuarios"}
{"level":"info","message":"POST /api/cadastrarusuarios"}
{"level":"info","message":"GET /api/usuarios"}
{"level":"info","message":"GET /api/usuarios"}
{"level":"info","message":"GET /api/usuarios"}
{"level":"info","message":"POST /api/cadastrarusuarios"}
{"level":"info","message":"POST /api/cadastrarusuarios"}
{"level":"info","message":"DELETE /api/deletarusuarios/1"}
{"level":"info","message":"GET /api/usuarios"}
{"level":"info","message":"POST /api/cadastrarusuarios"}
{"level":"info","message":"GET /api/usuarios"}
{"level":"info","message":"GET /api/usuarios"}
{"level":"info","message":"POST /api/login"}
{"level":"info","message":"GET /api/usuarios"}
{"level":"info","message":"POST /api/login"}
{"level":"info","message":"GET /api/usuarios"}
{"level":"info","message":"POST /api/login"}
{"level":"info","message":"GET /api/usuarios"}
{"level":"info","message":"POST /api/login"}
{"level":"info","message":"GET /api/usuarios"}
{"level":"info","message":"POST /api/login"}
{"level":"info","message":"POST /api/login"}
{"level":"info","message":"GET /api/usuarios"}
{"level":"info","message":"POST /api/login"}
{"level":"info","message":"DELETE /api/deletarusuarios/1"}
{"level":"info","message":"DELETE /api/deletarusuarios/2"}
{"level":"info","message":"POST /api/cadastrarusuarios"}
{"level":"info","message":"POST /api/login"}
{"level":"info","message":"GET /api/usuarios"}
{"level":"info","message":"POST /api/login"}
{"level":"info","message":"POST /api/login"}
{"level":"info","message":"GET /api/usuarios"}
{"level":"info","message":"POST /api/login"}
{"level":"info","message":"GET /api/usuarios"}
{"level":"info","message":"DELETE /api/deletarusuarios/1"}
{"level":"info","message":"GET /api/usuarios"}
{"level":"info","message":"POST /api/cadastrarusuarios"}
{"level":"info","message":"GET /api/usuarios"}
{"level":"info","message":"PUT /api/alterarusuario/1"}
{"level":"info","message":"GET /api/usuarios"}
{"level":"info","message":"DELETE /api/deletarusuarios/1"}
{"level":"info","message":"POST /api/cadastrarusuarios"}
{"level":"info","message":"POST /api/login"}
{"level":"info","message":"GET /"}
{"level":"info","message":"GET /api/usuarios"}
{"level":"info","message":"POST /api/cadastrarusuarios"}
{"level":"info","message":"GET /api/usuarios"}
{"level":"info","message":"PUT /api/alterarusuario/2"}
{"level":"info","message":"GET /api/usuarios"}
{"level":"info","message":"DELETE /api/deletarusuarios/2"}
{"level":"info","message":"DELETE /api/deletarusuarios/1"}
{"level":"info","message":"POST /api/login"}
{"level":"info","message":"GET /api/usuarios"}
{"level":"info","message":"GET /api/usuarios"}
{"level":"info","message":"POST /api/cadastrarusuarios"}
{"level":"info","message":"GET /api/usuarios"}
{"level":"info","message":"PUT /api/alterarusuario/2"}
{"level":"info","message":"GET /api/usuarios"}
{"level":"info","message":"DELETE /api/deletarusuarios/2"}
{"level":"info","message":"GET /api/usuarios"}
{"level":"info","message":"GET /api/usuarios"}
{"level":"info","message":"POST /api/cadastrarusuarios"}
{"level":"info","message":"GET /api/usuarios"}
{"level":"info","message":"PUT /api/alterarusuario/1"}
{"level":"info","message":"GET /api/usuarios"}
{"level":"info","message":"DELETE /api/deletarusuarios/1"}
{"level":"info","message":"POST /api/login"}
{"level":"info","message":"GET /api/usuarios"}
{"level":"info","message":"GET /api/usuarios"}
{"level":"info","message":"POST /api/cadastrarusuarios"}
{"level":"info","message":"PUT /api/alterarusuario/1"}
{"level":"info","message":"GET /api/usuarios"}
{"level":"info","message":"DELETE /api/deletarusuarios/1"}
{"level":"info","message":"POST /api/login"}
{"level":"info","message":"GET /api/usuarios"}
{"level":"info","message":"GET /api/usuarios"}
{"level":"info","message":"GET /api/usuarios"}
{"level":"info","message":"POST /api/cadastrarusuarios"}
{"level":"info","message":"PUT /api/alterarusuario/1"}
{"level":"info","message":"DELETE /api/deletarusuarios/1"}
{"level":"info","message":"POST /api/login"}
{"level":"info","message":"GET /api/usuarios"}
{"level":"info","message":"POST /api/cadastrarusuarios"}
{"level":"info","message":"PUT /api/alterarusuario/1"}
{"level":"info","message":"GET /api/usuarios"}
{"level":"info","message":"POST /api/login"}
{"level":"info","message":"GET /api/usuarios"}
{"level":"info","message":"POST /api/login"}
{"level":"info","message":"GET /api/usuarios"}
{"level":"info","message":"DELETE /api/deletarusuarios/1"}
{"level":"info","message":"POST /api/cadastrarusuarios"}
{"level":"info","message":"POST /api/login"}
{"level":"info","message":"GET /api/usuarios"}
{"level":"info","message":"DELETE /api/deletarusuarios/1"}
{"level":"info","message":"GET /api/usuarios"}
{"level":"info","message":"GET /api/usuarios"}
{"level":"info","message":"POST /api/cadastrarusuarios"}
{"level":"info","message":"PUT /api/alterarusuario/1"}
{"level":"info","message":"DELETE /api/deletarusuarios/1"}
{"level":"info","message":"GET /api/usuarios"}
{"level":"info","message":"POST /login"}
{"level":"info","message":"POST /api/login"}
{"level":"info","message":"POST /api/login"}
{"level":"info","message":"GET /api/usuarios"}
{"level":"info","message":"POST /api/cadastrarusuarios"}
{"level":"info","message":"GET /api/usuarios"}
{"level":"info","message":"POST /api/cadastrarusuarios"}
{"level":"info","message":"GET /api/usuarios"}
{"level":"info","message":"POST /api/login"}
{"level":"info","message":"DELETE /api/deletarusuarios/1"}
{"level":"info","message":"POST /api/login"}
{"level":"info","message":"GET /api/usuarios"}
{"level":"info","message":"POST /api/login"}
{"level":"info","message":"POST /api/cadastrarusuarios"}
{"level":"info","message":"GET /api/usuarios"}
{"level":"info","message":"POST /api/login"}
{"level":"info","message":"PUT /api/alterarusuario/1"}
{"level":"info","message":"GET /api/usuarios"}
{"level":"info","message":"DELETE /api/deletarusuarios/1"}
{"level":"info","message":"GET /api/usuarios"}
{"level":"info","message":"GET /api/usuarios"}
{"level":"info","message":"POST /api/cadastrarusuarios"}
{"level":"info","message":"POST /api/login"}
{"level":"info","message":"PUT /api/alterarusuario/1"}
{"level":"info","message":"DELETE /api/deletarusuarios/1"}
{"level":"info","message":"POST /api/login"}
{"level":"info","message":"GET /api/usuarios"}
{"level":"info","message":"POST /api/cadastrarusuarios"}
{"level":"info","message":"GET /api/usuarios"}
{"level":"info","message":"POST /api/login"}
{"level":"info","message":"PUT /api/alterarusuario/1"}
{"level":"info","message":"GET /api/usuarios"}
{"level":"info","message":"DELETE /api/deletarusuarios/1"}
{"level":"info","message":"GET /api/usuarios"}
{"level":"info","message":"GET /api/usuarios"}
{"level":"info","message":"GET /"}
{"level":"info","message":"POST /api/cadastrarusuarios"}
{"level":"info","message":"GET /api/usuarios"}
{"level":"info","message":"PUT /api/alterarusuario/1"}
{"level":"info","message":"GET /api/usuarios"}
{"level":"info","message":"POST /api/login"}
{"level":"info","message":"GET /api/usuarios"}
{"level":"info","message":"PUT /api/alterarusuario/1"}
{"level":"info","message":"GET /api/usuarios"}
{"level":"info","message":"GET /api/usuarios"}
{"level":"info","message":"PUT /api/alterarusuario/1"}
{"level":"info","message":"GET /api/usuarios"}
{"level":"info","message":"GET /api/usuarios"}
{"level":"info","message":"PUT /api/alterarusuario/1"}
{"level":"info","message":"GET /api/usuarios"}
{"level":"info","message":"GET /api/usuarios"}
{"level":"info","message":"PUT /api/alterarusuario/1"}
{"level":"info","message":"PUT /api/alterarusuario/1"}
{"level":"info","message":"PUT /api/alterarusuario/1"}
{"level":"info","message":"DELETE /api/deletarusuarios/1"}
{"level":"info","message":"GET /api/usuarios"}
{"level":"info","message":"POST /api/cadastrarusuarios"}
{"level":"info","message":"GET /api/usuarios"}
{"level":"info","message":"PUT /api/alterarusuario/1"}
{"level":"info","message":"PUT /api/alterarusuario/1"}
{"level":"info","message":"PUT /api/alterarusuario/1"}
{"level":"info","message":"PUT /api/alterarusuario/1"}
{"level":"info","message":"PUT /api/alterarusuario/1"}
{"level":"info","message":"GET /api/usuarios"}
{"level":"info","message":"PUT /api/alterarusuario/1"}
{"level":"info","message":"GET /api/usuarios"}
{"level":"info","message":"GET /api/usuarios"}
{"level":"info","message":"PUT /api/alterarusuario/1"}
{"level":"info","message":"GET /api/usuarios"}
{"level":"info","message":"PUT /api/alterarusuario/1"}
{"level":"info","message":"GET /api/usuarios"}
{"level":"info","message":"DELETE /api/deletarusuarios/1"}
{"level":"info","message":"GET /api/usuarios"}
{"level":"info","message":"POST /api/cadastrarusuarios"}
{"level":"info","message":"GET /api/usuarios"}
{"level":"info","message":"POST /api/login"}
{"level":"info","message":"PUT /api/alterarusuario/1"}
{"level":"info","message":"GET /api/usuarios"}
{"level":"info","message":"DELETE /api/deletarusuarios/1"}
{"level":"info","message":"GET /api/usuarios"}
{"level":"info","message":"GET /api/usuarios"}
{"level":"info","message":"POST /api/cadastrarusuarios"}
{"level":"info","message":"GET /api/usuarios"}
{"level":"info","message":"PUT /api/alterarusuario/1"}
{"level":"info","message":"GET /api/usuarios"}
{"level":"info","message":"DELETE /api/deletarusuarios/1"}
{"level":"info","message":"GET /api/usuarios"}
{"level":"info","message":"POST /api/login"}
{"level":"info","message":"POST /api/cadastrarusuarios"}
{"level":"info","message":"GET /api/usuarios"}
{"level":"info","message":"POST /api/login"}
{"level":"info","message":"DELETE /api/deletarusuarios/1"}
{"level":"info","message":"GET /api/usuarios"}
{"level":"info","message":"GET /"}
